2026-06-24 09:34:47,839 [INFO] No device provided, using cpu
2026-06-24 09:34:48,343 [INFO] HTTP Request: HEAD https://huggingface.co/BAAI/bge-large-en-v1.5/resolve/main/modules.json "HTTP/1.1 307 Temporary Redirect"
2026-06-24 09:34:48,344 [WARNING] Warning: You are sending unauthenticated requests to the HF Hub. Please set a HF_TOKEN to enable higher rate limits and faster downloads.
2026-06-24 09:34:48,354 [INFO] HTTP Request: HEAD https://huggingface.co/api/resolve-cache/models/BAAI/bge-large-en-v1.5/d4aa6901d3a41ba39fb536a557fa166f842b0e09/modules.json "HTTP/1.1 200 OK"
2026-06-24 09:34:48,585 [INFO] HTTP Request: HEAD https://huggingface.co/BAAI/bge-large-en-v1.5/resolve/main/config_sentence_transformers.json "HTTP/1.1 307 Temporary Redirect"
2026-06-24 09:34:48,645 [INFO] HTTP Request: HEAD https://huggingface.co/api/resolve-cache/models/BAAI/bge-large-en-v1.5/d4aa6901d3a41ba39fb536a557fa166f842b0e09/config_sentence_transformers.json "HTTP/1.1 200 OK"
2026-06-24 09:34:48,659 [INFO] Loading SentenceTransformer model from BAAI/bge-large-en-v1.5.
2026-06-24 09:34:48,879 [INFO] HTTP Request: HEAD https://huggingface.co/BAAI/bge-large-en-v1.5/resolve/main/config_sentence_transformers.json "HTTP/1.1 307 Temporary Redirect"
2026-06-24 09:34:48,887 [INFO] HTTP Request: HEAD https://huggingface.co/api/resolve-cache/models/BAAI/bge-large-en-v1.5/d4aa6901d3a41ba39fb536a557fa166f842b0e09/config_sentence_transformers.json "HTTP/1.1 200 OK"
2026-06-24 09:34:49,100 [INFO] HTTP Request: HEAD https://huggingface.co/BAAI/bge-large-en-v1.5/resolve/main/README.md "HTTP/1.1 307 Temporary Redirect"
2026-06-24 09:34:49,110 [INFO] HTTP Request: HEAD https://huggingface.co/api/resolve-cache/models/BAAI/bge-large-en-v1.5/d4aa6901d3a41ba39fb536a557fa166f842b0e09/README.md "HTTP/1.1 200 OK"
2026-06-24 09:34:49,332 [INFO] HTTP Request: HEAD https://huggingface.co/BAAI/bge-large-en-v1.5/resolve/main/modules.json "HTTP/1.1 307 Temporary Redirect"
2026-06-24 09:34:49,339 [INFO] HTTP Request: HEAD https://huggingface.co/api/resolve-cache/models/BAAI/bge-large-en-v1.5/d4aa6901d3a41ba39fb536a557fa166f842b0e09/modules.json "HTTP/1.1 200 OK"
2026-06-24 09:34:49,554 [INFO] HTTP Request: HEAD https://huggingface.co/BAAI/bge-large-en-v1.5/resolve/main/sentence_bert_config.json "HTTP/1.1 307 Temporary Redirect"
2026-06-24 09:34:49,567 [INFO] HTTP Request: HEAD https://huggingface.co/api/resolve-cache/models/BAAI/bge-large-en-v1.5/d4aa6901d3a41ba39fb536a557fa166f842b0e09/sentence_bert_config.json "HTTP/1.1 200 OK"
2026-06-24 09:34:49,802 [INFO] HTTP Request: HEAD https://huggingface.co/BAAI/bge-large-en-v1.5/resolve/main/adapter_config.json "HTTP/1.1 404 Not Found"
2026-06-24 09:34:50,016 [INFO] HTTP Request: HEAD https://huggingface.co/BAAI/bge-large-en-v1.5/resolve/main/config.json "HTTP/1.1 307 Temporary Redirect"
2026-06-24 09:34:50,027 [INFO] HTTP Request: HEAD https://huggingface.co/api/resolve-cache/models/BAAI/bge-large-en-v1.5/d4aa6901d3a41ba39fb536a557fa166f842b0e09/config.json "HTTP/1.1 200 OK"
2026-06-24 09:35:14,744 [INFO] HTTP Request: HEAD https://huggingface.co/BAAI/bge-large-en-v1.5/resolve/main/processor_config.json "HTTP/1.1 404 Not Found"
2026-06-24 09:35:14,989 [INFO] HTTP Request: HEAD https://huggingface.co/BAAI/bge-large-en-v1.5/resolve/main/preprocessor_config.json "HTTP/1.1 404 Not Found"
2026-06-24 09:35:15,192 [INFO] HTTP Request: HEAD https://huggingface.co/BAAI/bge-large-en-v1.5/resolve/main/video_preprocessor_config.json "HTTP/1.1 404 Not Found"
2026-06-24 09:35:15,399 [INFO] HTTP Request: HEAD https://huggingface.co/BAAI/bge-large-en-v1.5/resolve/main/preprocessor_config.json "HTTP/1.1 404 Not Found"
2026-06-24 09:35:15,613 [INFO] HTTP Request: HEAD https://huggingface.co/BAAI/bge-large-en-v1.5/resolve/main/tokenizer_config.json "HTTP/1.1 307 Temporary Redirect"
2026-06-24 09:35:15,621 [INFO] HTTP Request: HEAD https://huggingface.co/api/resolve-cache/models/BAAI/bge-large-en-v1.5/d4aa6901d3a41ba39fb536a557fa166f842b0e09/tokenizer_config.json "HTTP/1.1 200 OK"
2026-06-24 09:35:15,836 [INFO] HTTP Request: HEAD https://huggingface.co/BAAI/bge-large-en-v1.5/resolve/main/config.json "HTTP/1.1 307 Temporary Redirect"
2026-06-24 09:35:15,849 [INFO] HTTP Request: HEAD https://huggingface.co/api/resolve-cache/models/BAAI/bge-large-en-v1.5/d4aa6901d3a41ba39fb536a557fa166f842b0e09/config.json "HTTP/1.1 200 OK"
2026-06-24 09:35:16,060 [INFO] HTTP Request: HEAD https://huggingface.co/BAAI/bge-large-en-v1.5/resolve/main/config.json "HTTP/1.1 307 Temporary Redirect"
2026-06-24 09:35:16,070 [INFO] HTTP Request: HEAD https://huggingface.co/api/resolve-cache/models/BAAI/bge-large-en-v1.5/d4aa6901d3a41ba39fb536a557fa166f842b0e09/config.json "HTTP/1.1 200 OK"
2026-06-24 09:35:16,300 [INFO] HTTP Request: HEAD https://huggingface.co/BAAI/bge-large-en-v1.5/resolve/main/tokenizer_config.json "HTTP/1.1 307 Temporary Redirect"
2026-06-24 09:35:16,312 [INFO] HTTP Request: HEAD https://huggingface.co/api/resolve-cache/models/BAAI/bge-large-en-v1.5/d4aa6901d3a41ba39fb536a557fa166f842b0e09/tokenizer_config.json "HTTP/1.1 200 OK"
2026-06-24 09:35:16,835 [INFO] HTTP Request: GET https://huggingface.co/api/models/BAAI/bge-large-en-v1.5/tree/main/additional_chat_templates?recursive=false&expand=false "HTTP/1.1 404 Not Found"
2026-06-24 09:35:17,064 [INFO] HTTP Request: GET https://huggingface.co/api/models/BAAI/bge-large-en-v1.5/tree/main?recursive=true&expand=false "HTTP/1.1 200 OK"
2026-06-24 09:35:22,032 [INFO] HTTP Request: HEAD https://huggingface.co/BAAI/bge-large-en-v1.5/resolve/main/1_Pooling/config.json "HTTP/1.1 307 Temporary Redirect"
2026-06-24 09:35:22,066 [INFO] HTTP Request: HEAD https://huggingface.co/api/resolve-cache/models/BAAI/bge-large-en-v1.5/d4aa6901d3a41ba39fb536a557fa166f842b0e09/1_Pooling%2Fconfig.json "HTTP/1.1 200 OK"
2026-06-24 09:35:22,317 [INFO] HTTP Request: GET https://huggingface.co/api/models/BAAI/bge-large-en-v1.5 "HTTP/1.1 200 OK"
2026-06-24 09:35:33,235 [INFO] Adding job tentatively -- it will be properly scheduled when the scheduler starts
2026-06-24 09:35:33,510 [INFO] Added job "run_daily_cad_sync" to job store "default"
2026-06-24 09:35:33,510 [INFO] Scheduler started
